[2021-01-12 10:20:34,963] INFO Terminating process due to signal SIGINT (org.apache.kafka.common.utils.LoggingSignalHandler)
[2021-01-12 10:20:34,977] INFO [KafkaServer id=0] shutting down (kafka.server.KafkaServer)
[2021-01-12 10:20:34,979] INFO [KafkaServer id=0] Starting controlled shutdown (kafka.server.KafkaServer)
[2021-01-12 10:20:35,030] INFO [KafkaServer id=0] Controlled shutdown succeeded (kafka.server.KafkaServer)
[2021-01-12 10:20:35,038] INFO [/config/changes-event-process-thread]: Shutting down (kafka.common.ZkNodeChangeNotificationListener$ChangeEventProcessThread)
[2021-01-12 10:20:35,039] INFO [/config/changes-event-process-thread]: Stopped (kafka.common.ZkNodeChangeNotificationListener$ChangeEventProcessThread)
[2021-01-12 10:20:35,039] INFO [/config/changes-event-process-thread]: Shutdown completed (kafka.common.ZkNodeChangeNotificationListener$ChangeEventProcessThread)
[2021-01-12 10:20:35,039] INFO [SocketServer brokerId=0] Stopping socket server request processors (kafka.network.SocketServer)
[2021-01-12 10:20:35,045] INFO [SocketServer brokerId=0] Stopped socket server request processors (kafka.network.SocketServer)
[2021-01-12 10:20:35,047] INFO [data-plane Kafka Request Handler on Broker 0], shutting down (kafka.server.KafkaRequestHandlerPool)
[2021-01-12 10:20:35,049] INFO [data-plane Kafka Request Handler on Broker 0], shut down completely (kafka.server.KafkaRequestHandlerPool)
[2021-01-12 10:20:35,052] INFO [ExpirationReaper-0-AlterAcls]: Shutting down (kafka.server.DelayedOperationPurgatory$ExpiredOperationReaper)
[2021-01-12 10:20:35,224] INFO [ExpirationReaper-0-AlterAcls]: Stopped (kafka.server.DelayedOperationPurgatory$ExpiredOperationReaper)
[2021-01-12 10:20:35,224] INFO [ExpirationReaper-0-AlterAcls]: Shutdown completed (kafka.server.DelayedOperationPurgatory$ExpiredOperationReaper)
[2021-01-12 10:20:35,225] INFO [KafkaApi-0] Shutdown complete. (kafka.server.KafkaApis)
[2021-01-12 10:20:35,226] INFO [ExpirationReaper-0-topic]: Shutting down (kafka.server.DelayedOperationPurgatory$ExpiredOperationReaper)
[2021-01-12 10:20:35,286] INFO [ExpirationReaper-0-topic]: Stopped (kafka.server.DelayedOperationPurgatory$ExpiredOperationReaper)
[2021-01-12 10:20:35,286] INFO [ExpirationReaper-0-topic]: Shutdown completed (kafka.server.DelayedOperationPurgatory$ExpiredOperationReaper)
[2021-01-12 10:20:35,287] INFO [TransactionCoordinator id=0] Shutting down. (kafka.coordinator.transaction.TransactionCoordinator)
[2021-01-12 10:20:35,288] INFO [ProducerId Manager 0]: Shutdown complete: last producerId assigned 2000 (kafka.coordinator.transaction.ProducerIdManager)
[2021-01-12 10:20:35,289] INFO [Transaction State Manager 0]: Shutdown complete (kafka.coordinator.transaction.TransactionStateManager)
[2021-01-12 10:20:35,289] INFO [Transaction Marker Channel Manager 0]: Shutting down (kafka.coordinator.transaction.TransactionMarkerChannelManager)
[2021-01-12 10:20:35,289] INFO [Transaction Marker Channel Manager 0]: Stopped (kafka.coordinator.transaction.TransactionMarkerChannelManager)
[2021-01-12 10:20:35,289] INFO [Transaction Marker Channel Manager 0]: Shutdown completed (kafka.coordinator.transaction.TransactionMarkerChannelManager)
[2021-01-12 10:20:35,289] INFO [TransactionCoordinator id=0] Shutdown complete. (kafka.coordinator.transaction.TransactionCoordinator)
[2021-01-12 10:20:35,290] INFO [GroupCoordinator 0]: Shutting down. (kafka.coordinator.group.GroupCoordinator)
[2021-01-12 10:20:35,290] INFO [ExpirationReaper-0-Heartbeat]: Shutting down (kafka.server.DelayedOperationPurgatory$ExpiredOperationReaper)
[2021-01-12 10:20:35,428] INFO [ExpirationReaper-0-Heartbeat]: Stopped (kafka.server.DelayedOperationPurgatory$ExpiredOperationReaper)
[2021-01-12 10:20:35,428] INFO [ExpirationReaper-0-Heartbeat]: Shutdown completed (kafka.server.DelayedOperationPurgatory$ExpiredOperationReaper)
[2021-01-12 10:20:35,429] INFO [ExpirationReaper-0-Rebalance]: Shutting down (kafka.server.DelayedOperationPurgatory$ExpiredOperationReaper)
[2021-01-12 10:20:35,460] INFO [ExpirationReaper-0-Rebalance]: Stopped (kafka.server.DelayedOperationPurgatory$ExpiredOperationReaper)
[2021-01-12 10:20:35,460] INFO [ExpirationReaper-0-Rebalance]: Shutdown completed (kafka.server.DelayedOperationPurgatory$ExpiredOperationReaper)
[2021-01-12 10:20:35,461] INFO [GroupCoordinator 0]: Shutdown complete. (kafka.coordinator.group.GroupCoordinator)
[2021-01-12 10:20:35,462] INFO [ReplicaManager broker=0] Shutting down (kafka.server.ReplicaManager)
[2021-01-12 10:20:35,462] INFO [LogDirFailureHandler]: Shutting down (kafka.server.ReplicaManager$LogDirFailureHandler)
[2021-01-12 10:20:35,462] INFO [LogDirFailureHandler]: Stopped (kafka.server.ReplicaManager$LogDirFailureHandler)
[2021-01-12 10:20:35,462] INFO [LogDirFailureHandler]: Shutdown completed (kafka.server.ReplicaManager$LogDirFailureHandler)
[2021-01-12 10:20:35,463] INFO [ReplicaFetcherManager on broker 0] shutting down (kafka.server.ReplicaFetcherManager)
[2021-01-12 10:20:35,464] INFO [ReplicaFetcherManager on broker 0] shutdown completed (kafka.server.ReplicaFetcherManager)
[2021-01-12 10:20:35,464] INFO [ReplicaAlterLogDirsManager on broker 0] shutting down (kafka.server.ReplicaAlterLogDirsManager)
[2021-01-12 10:20:35,464] INFO [ReplicaAlterLogDirsManager on broker 0] shutdown completed (kafka.server.ReplicaAlterLogDirsManager)
[2021-01-12 10:20:35,464] INFO [ExpirationReaper-0-Fetch]: Shutting down (kafka.server.DelayedOperationPurgatory$ExpiredOperationReaper)
[2021-01-12 10:20:35,663] INFO [ExpirationReaper-0-Fetch]: Stopped (kafka.server.DelayedOperationPurgatory$ExpiredOperationReaper)
[2021-01-12 10:20:35,663] INFO [ExpirationReaper-0-Fetch]: Shutdown completed (kafka.server.DelayedOperationPurgatory$ExpiredOperationReaper)
[2021-01-12 10:20:35,663] INFO [ExpirationReaper-0-Produce]: Shutting down (kafka.server.DelayedOperationPurgatory$ExpiredOperationReaper)
[2021-01-12 10:20:35,836] INFO [ExpirationReaper-0-Produce]: Stopped (kafka.server.DelayedOperationPurgatory$ExpiredOperationReaper)
[2021-01-12 10:20:35,836] INFO [ExpirationReaper-0-Produce]: Shutdown completed (kafka.server.DelayedOperationPurgatory$ExpiredOperationReaper)
[2021-01-12 10:20:35,836] INFO [ExpirationReaper-0-DeleteRecords]: Shutting down (kafka.server.DelayedOperationPurgatory$ExpiredOperationReaper)
[2021-01-12 10:20:35,867] INFO [ExpirationReaper-0-DeleteRecords]: Stopped (kafka.server.DelayedOperationPurgatory$ExpiredOperationReaper)
[2021-01-12 10:20:35,867] INFO [ExpirationReaper-0-DeleteRecords]: Shutdown completed (kafka.server.DelayedOperationPurgatory$ExpiredOperationReaper)
[2021-01-12 10:20:35,868] INFO [ExpirationReaper-0-ElectLeader]: Shutting down (kafka.server.DelayedOperationPurgatory$ExpiredOperationReaper)
[2021-01-12 10:20:35,873] INFO [ExpirationReaper-0-ElectLeader]: Stopped (kafka.server.DelayedOperationPurgatory$ExpiredOperationReaper)
[2021-01-12 10:20:35,873] INFO [ExpirationReaper-0-ElectLeader]: Shutdown completed (kafka.server.DelayedOperationPurgatory$ExpiredOperationReaper)
[2021-01-12 10:20:35,876] INFO [ReplicaManager broker=0] Shut down completely (kafka.server.ReplicaManager)
[2021-01-12 10:20:35,876] INFO [broker-0-to-controller-send-thread]: Shutting down (kafka.server.BrokerToControllerRequestThread)
[2021-01-12 10:20:35,876] INFO [broker-0-to-controller-send-thread]: Stopped (kafka.server.BrokerToControllerRequestThread)
[2021-01-12 10:20:35,876] INFO [broker-0-to-controller-send-thread]: Shutdown completed (kafka.server.BrokerToControllerRequestThread)
[2021-01-12 10:20:35,876] INFO [broker-0-to-controller-send-thread]: Shutdown completed (kafka.server.BrokerToControllerRequestThread)
[2021-01-12 10:20:35,877] INFO Shutting down. (kafka.log.LogManager)
[2021-01-12 10:20:36,331] INFO [ProducerStateManager partition=twitter_stream-0] Writing producer snapshot at offset 224 (kafka.log.ProducerStateManager)
[2021-01-12 10:20:36,604] INFO Shutdown complete. (kafka.log.LogManager)
[2021-01-12 10:20:36,609] INFO [feature-zk-node-event-process-thread]: Shutting down (kafka.server.FinalizedFeatureChangeListener$ChangeNotificationProcessorThread)
[2021-01-12 10:20:36,609] INFO [feature-zk-node-event-process-thread]: Stopped (kafka.server.FinalizedFeatureChangeListener$ChangeNotificationProcessorThread)
[2021-01-12 10:20:36,609] INFO [feature-zk-node-event-process-thread]: Shutdown completed (kafka.server.FinalizedFeatureChangeListener$ChangeNotificationProcessorThread)
[2021-01-12 10:20:36,610] INFO [ZooKeeperClient Kafka server] Closing. (kafka.zookeeper.ZooKeeperClient)
[2021-01-12 10:20:36,728] INFO Session: 0x1009dc7da270000 closed (org.apache.zookeeper.ZooKeeper)
[2021-01-12 10:20:36,729] INFO EventThread shut down for session: 0x1009dc7da270000 (org.apache.zookeeper.ClientCnxn)
[2021-01-12 10:20:36,730] INFO [ZooKeeperClient Kafka server] Closed. (kafka.zookeeper.ZooKeeperClient)
[2021-01-12 10:20:36,730] INFO [ThrottledChannelReaper-Fetch]: Shutting down (kafka.server.ClientQuotaManager$ThrottledChannelReaper)
[2021-01-12 10:20:36,859] INFO [ThrottledChannelReaper-Fetch]: Stopped (kafka.server.ClientQuotaManager$ThrottledChannelReaper)
[2021-01-12 10:20:36,859] INFO [ThrottledChannelReaper-Fetch]: Shutdown completed (kafka.server.ClientQuotaManager$ThrottledChannelReaper)
[2021-01-12 10:20:36,859] INFO [ThrottledChannelReaper-Produce]: Shutting down (kafka.server.ClientQuotaManager$ThrottledChannelReaper)
[2021-01-12 10:20:37,756] INFO [ThrottledChannelReaper-Produce]: Stopped (kafka.server.ClientQuotaManager$ThrottledChannelReaper)
[2021-01-12 10:20:37,756] INFO [ThrottledChannelReaper-Produce]: Shutdown completed (kafka.server.ClientQuotaManager$ThrottledChannelReaper)
[2021-01-12 10:20:37,757] INFO [ThrottledChannelReaper-Request]: Shutting down (kafka.server.ClientQuotaManager$ThrottledChannelReaper)
[2021-01-12 10:20:38,756] INFO [ThrottledChannelReaper-Request]: Stopped (kafka.server.ClientQuotaManager$ThrottledChannelReaper)
[2021-01-12 10:20:38,756] INFO [ThrottledChannelReaper-Request]: Shutdown completed (kafka.server.ClientQuotaManager$ThrottledChannelReaper)
[2021-01-12 10:20:38,757] INFO [ThrottledChannelReaper-ControllerMutation]: Shutting down (kafka.server.ClientQuotaManager$ThrottledChannelReaper)
[2021-01-12 10:20:39,723] INFO [ThrottledChannelReaper-ControllerMutation]: Stopped (kafka.server.ClientQuotaManager$ThrottledChannelReaper)
[2021-01-12 10:20:39,723] INFO [ThrottledChannelReaper-ControllerMutation]: Shutdown completed (kafka.server.ClientQuotaManager$ThrottledChannelReaper)
[2021-01-12 10:20:39,724] INFO [SocketServer brokerId=0] Shutting down socket server (kafka.network.SocketServer)
[2021-01-12 10:20:39,740] INFO [SocketServer brokerId=0] Shutdown completed (kafka.network.SocketServer)
[2021-01-12 10:20:39,740] INFO Metrics scheduler closed (org.apache.kafka.common.metrics.Metrics)
[2021-01-12 10:20:39,740] INFO Closing reporter org.apache.kafka.common.metrics.JmxReporter (org.apache.kafka.common.metrics.Metrics)
[2021-01-12 10:20:39,740] INFO Metrics reporters closed (org.apache.kafka.common.metrics.Metrics)
[2021-01-12 10:20:39,742] INFO Broker and topic stats closed (kafka.server.BrokerTopicStats)
[2021-01-12 10:20:39,748] INFO App info kafka.server for 0 unregistered (org.apache.kafka.common.utils.AppInfoParser)
[2021-01-12 10:20:39,749] INFO [KafkaServer id=0] shut down completed (kafka.server.KafkaServer)
